[MODULE_LOAD] base=4194304 entrypoint=4199912 module="567dbfa9f7d29702a70feb934ec08e54" path="/home/dev/Vm_Eng_Scan/Sample/567dbfa9f7d29702a70feb934ec08e54" size=24576 source="process_image" synthetic=false
[MODULE_LOAD] base=1790971904 entrypoint=1791004672 module="ntdll.dll" size=4194304 source="startup_baseline" synthetic=true
[MODULE_LOAD] base=1809149952 entrypoint=1809182720 module="lpk.dll" size=4194304 source="startup_baseline" synthetic=true
[MODULE_LOAD] base=1613459456 entrypoint=1613492224 module="usp10.dll" size=4194304 source="startup_baseline" synthetic=true
[MODULE_LOAD] base=1415749632 entrypoint=1415782400 module="kernelbase.dll" size=4194304 source="startup_baseline" synthetic=true
[MODULE_LOAD] base=1638821888 entrypoint=1638854656 module="shlwapi.dll" size=4194304 source="startup_baseline" synthetic=true
[MODULE_LOAD] base=1753681920 entrypoint=1753714688 module="shell32.dll" size=4194304 source="startup_baseline" synthetic=true
[MODULE_LOAD] base=1586450432 entrypoint=1586483200 module="gdi32.dll" size=4194304 source="startup_baseline" synthetic=true
[MODULE_LOAD] base=1633120256 entrypoint=1633153024 module="ws2_32.dll" size=4194304 source="startup_baseline" synthetic=true
[MODULE_LOAD] base=1362255872 entrypoint=1362288640 module="psapi.dll" size=4194304 source="startup_baseline" synthetic=true
[THREAD_CREATE] parameter=0 start_address=4199912 state="ready" thread_handle=32768 thread_tid=4097
[DLL_NOTIFICATION] base=1790971904 entrypoint=1791004672 entrypoint_module="ntdll.dll" entrypoint_module_base=1790971904 entrypoint_owner="ntdll.dll+0x8000" entrypoint_rva=32768 module="ntdll.dll" phase="startup" reason="process_attach" routine="DllMain" synthetic=true
[DLL_NOTIFICATION] base=1522823168 entrypoint=1522855936 entrypoint_module="kernel32.dll" entrypoint_module_base=1522823168 entrypoint_owner="kernel32.dll+0x8000" entrypoint_rva=32768 module="kernel32.dll" phase="startup" reason="process_attach" routine="DllMain" synthetic=true
[DLL_NOTIFICATION] base=1809149952 entrypoint=1809182720 entrypoint_module="lpk.dll" entrypoint_module_base=1809149952 entrypoint_owner="lpk.dll+0x8000" entrypoint_rva=32768 module="lpk.dll" phase="startup" reason="process_attach" routine="DllMain" synthetic=true
[DLL_NOTIFICATION] base=1613459456 entrypoint=1613492224 entrypoint_module="usp10.dll" entrypoint_module_base=1613459456 entrypoint_owner="usp10.dll+0x8000" entrypoint_rva=32768 module="usp10.dll" phase="startup" reason="process_attach" routine="DllMain" synthetic=true
[DLL_NOTIFICATION] base=1415749632 entrypoint=1415782400 entrypoint_module="kernelbase.dll" entrypoint_module_base=1415749632 entrypoint_owner="kernelbase.dll+0x8000" entrypoint_rva=32768 module="kernelbase.dll" phase="startup" reason="process_attach" routine="DllMain" synthetic=true
[DLL_NOTIFICATION] base=1638821888 entrypoint=1638854656 entrypoint_module="shlwapi.dll" entrypoint_module_base=1638821888 entrypoint_owner="shlwapi.dll+0x8000" entrypoint_rva=32768 module="shlwapi.dll" phase="startup" reason="process_attach" routine="DllMain" synthetic=true
[DLL_NOTIFICATION] base=1753681920 entrypoint=1753714688 entrypoint_module="shell32.dll" entrypoint_module_base=1753681920 entrypoint_owner="shell32.dll+0x8000" entrypoint_rva=32768 module="shell32.dll" phase="startup" reason="process_attach" routine="DllMain" synthetic=true
[DLL_NOTIFICATION] base=1391165440 entrypoint=1391198208 entrypoint_module="user32.dll" entrypoint_module_base=1391165440 entrypoint_owner="user32.dll+0x8000" entrypoint_rva=32768 module="user32.dll" phase="startup" reason="process_attach" routine="DllMain" synthetic=true
[DLL_NOTIFICATION] base=1586450432 entrypoint=1586483200 entrypoint_module="gdi32.dll" entrypoint_module_base=1586450432 entrypoint_owner="gdi32.dll+0x8000" entrypoint_rva=32768 module="gdi32.dll" phase="startup" reason="process_attach" routine="DllMain" synthetic=true
[DLL_NOTIFICATION] base=1742868480 entrypoint=1742901248 entrypoint_module="advapi32.dll" entrypoint_module_base=1742868480 entrypoint_owner="advapi32.dll+0x8000" entrypoint_rva=32768 module="advapi32.dll" phase="startup" reason="process_attach" routine="DllMain" synthetic=true
[DLL_NOTIFICATION] base=1838178304 entrypoint=1838211072 entrypoint_module="msvcrt.dll" entrypoint_module_base=1838178304 entrypoint_owner="msvcrt.dll+0x8000" entrypoint_rva=32768 module="msvcrt.dll" phase="startup" reason="process_attach" routine="DllMain" synthetic=true
[DLL_NOTIFICATION] base=1633120256 entrypoint=1633153024 entrypoint_module="ws2_32.dll" entrypoint_module_base=1633120256 entrypoint_owner="ws2_32.dll+0x8000" entrypoint_rva=32768 module="ws2_32.dll" phase="startup" reason="process_attach" routine="DllMain" synthetic=true
[DLL_NOTIFICATION] base=1362255872 entrypoint=1362288640 entrypoint_module="psapi.dll" entrypoint_module_base=1362255872 entrypoint_owner="psapi.dll+0x8000" entrypoint_rva=32768 module="psapi.dll" phase="startup" reason="process_attach" routine="DllMain" synthetic=true
[STARTUP_RESUME] context_record=1881140476 pc=4199912 pc_module="567dbfa9f7d29702a70feb934ec08e54" pc_module_base=4194304 pc_module_path="/home/dev/Vm_Eng_Scan/Sample/567dbfa9f7d29702a70feb934ec08e54" pc_owner="567dbfa9f7d29702a70feb934ec08e54+0x15E8" pc_rva=5608 stage=1
[STARTUP_RESUME] context_record=1881140476 pc=4199912 pc_module="567dbfa9f7d29702a70feb934ec08e54" pc_module_base=4194304 pc_module_path="/home/dev/Vm_Eng_Scan/Sample/567dbfa9f7d29702a70feb934ec08e54" pc_owner="567dbfa9f7d29702a70feb934ec08e54+0x15E8" pc_rva=5608 stage=2
[ENTRY_INVOKE] address=4199912 address_module="567dbfa9f7d29702a70feb934ec08e54" address_module_base=4194304 address_module_path="/home/dev/Vm_Eng_Scan/Sample/567dbfa9f7d29702a70feb934ec08e54" address_owner="567dbfa9f7d29702a70feb934ec08e54+0x15E8" address_rva=5608 argc=0 args=[] base=4194304 invocation="native_entrypoint" module="567dbfa9f7d29702a70feb934ec08e54" path="/home/dev/Vm_Eng_Scan/Sample/567dbfa9f7d29702a70feb934ec08e54"
[FILE_OPEN] creation_disposition=3 desired_access=0 device=true handle=4096 path="\\\\.\\PhysicalDrive0" physical_drive_index=0
[FILE_OPEN] creation_disposition=3 desired_access=3221225472 device=true handle=4100 path="\\\\.\\PhysicalDrive0" physical_drive_index=0
[FILE_WRITE] all_zero=true bytes=17408 device=true handle=4100 offset=0 path="\\\\.\\PhysicalDrive0" physical_drive_index=0 preview_hex="00 00 00 00 00 00 00 00 00 00 ..."
[FILE_WRITE] all_zero=true bytes=16896 device=true handle=4100 offset=134754745344 path="\\\\.\\PhysicalDrive0" physical_drive_index=0 preview_hex="00 00 00 00 00 00 00 00 00 00 ..."
[FILE_OPEN] creation_disposition=3 desired_access=0 device=true handle=4104 path="\\\\.\\PhysicalDrive1" physical_drive_index=1
[FILE_OPEN] creation_disposition=3 desired_access=3221225472 device=true handle=4108 path="\\\\.\\PhysicalDrive1" physical_drive_index=1
[FILE_WRITE] all_zero=true bytes=17408 device=true handle=4108 offset=0 path="\\\\.\\PhysicalDrive1" physical_drive_index=1 preview_hex="00 00 00 00 00 00 00 00 00 00 ..."
[FILE_WRITE] all_zero=true bytes=16896 device=true handle=4108 offset=134754745344 path="\\\\.\\PhysicalDrive1" physical_drive_index=1 preview_hex="00 00 00 00 00 00 00 00 00 00 ..."
[FILE_OPEN] creation_disposition=3 desired_access=0 device=true handle=4112 path="\\\\.\\PhysicalDrive2" physical_drive_index=2
[FILE_OPEN] creation_disposition=3 desired_access=3221225472 device=true handle=4116 path="\\\\.\\PhysicalDrive2" physical_drive_index=2
[FILE_WRITE] all_zero=true bytes=17408 device=true handle=4116 offset=0 path="\\\\.\\PhysicalDrive2" physical_drive_index=2 preview_hex="00 00 00 00 00 00 00 00 00 00 ..."
[FILE_WRITE] all_zero=true bytes=16896 device=true handle=4116 offset=134754745344 path="\\\\.\\PhysicalDrive2" physical_drive_index=2 preview_hex="00 00 00 00 00 00 00 00 00 00 ..."
[FILE_OPEN] creation_disposition=3 desired_access=0 device=true handle=4120 path="\\\\.\\PhysicalDrive3" physical_drive_index=3
[FILE_OPEN] creation_disposition=3 desired_access=3221225472 device=true handle=4124 path="\\\\.\\PhysicalDrive3" physical_drive_index=3
[FILE_WRITE] all_zero=true bytes=17408 device=true handle=4124 offset=0 path="\\\\.\\PhysicalDrive3" physical_drive_index=3 preview_hex="00 00 00 00 00 00 00 00 00 00 ..."
[FILE_WRITE] all_zero=true bytes=16896 device=true handle=4124 offset=134754745344 path="\\\\.\\PhysicalDrive3" physical_drive_index=3 preview_hex="00 00 00 00 00 00 00 00 00 00 ..."
[FILE_OPEN] creation_disposition=3 desired_access=0 device=true handle=4128 path="\\\\.\\PhysicalDrive4" physical_drive_index=4
[FILE_OPEN] creation_disposition=3 desired_access=3221225472 device=true handle=4132 path="\\\\.\\PhysicalDrive4" physical_drive_index=4
[FILE_WRITE] all_zero=true bytes=17408 device=true handle=4132 offset=0 path="\\\\.\\PhysicalDrive4" physical_drive_index=4 preview_hex="00 00 00 00 00 00 00 00 00 00 ..."
[FILE_WRITE] all_zero=true bytes=16896 device=true handle=4132 offset=134754745344 path="\\\\.\\PhysicalDrive4" physical_drive_index=4 preview_hex="00 00 00 00 00 00 00 00 00 00 ..."
[FILE_OPEN] creation_disposition=3 desired_access=0 device=true handle=4136 path="\\\\.\\PhysicalDrive5" physical_drive_index=5
[FILE_OPEN] creation_disposition=3 desired_access=3221225472 device=true handle=4140 path="\\\\.\\PhysicalDrive5" physical_drive_index=5
[FILE_WRITE] all_zero=true bytes=17408 device=true handle=4140 offset=0 path="\\\\.\\PhysicalDrive5" physical_drive_index=5 preview_hex="00 00 00 00 00 00 00 00 00 00 ..."
[FILE_WRITE] all_zero=true bytes=16896 device=true handle=4140 offset=134754745344 path="\\\\.\\PhysicalDrive5" physical_drive_index=5 preview_hex="00 00 00 00 00 00 00 00 00 00 ..."
[FILE_OPEN] creation_disposition=3 desired_access=0 device=true handle=4144 path="\\\\.\\PhysicalDrive6" physical_drive_index=6
[FILE_OPEN] creation_disposition=3 desired_access=3221225472 device=true handle=4148 path="\\\\.\\PhysicalDrive6" physical_drive_index=6
[FILE_WRITE] all_zero=true bytes=17408 device=true handle=4148 offset=0 path="\\\\.\\PhysicalDrive6" physical_drive_index=6 preview_hex="00 00 00 00 00 00 00 00 00 00 ..."
[FILE_WRITE] all_zero=true bytes=16896 device=true handle=4148 offset=134754745344 path="\\\\.\\PhysicalDrive6" physical_drive_index=6 preview_hex="00 00 00 00 00 00 00 00 00 00 ..."
[FILE_OPEN] creation_disposition=3 desired_access=0 device=true handle=4152 path="\\\\.\\PhysicalDrive7" physical_drive_index=7
[FILE_OPEN] creation_disposition=3 desired_access=3221225472 device=true handle=4156 path="\\\\.\\PhysicalDrive7" physical_drive_index=7
[FILE_WRITE] all_zero=true bytes=17408 device=true handle=4156 offset=0 path="\\\\.\\PhysicalDrive7" physical_drive_index=7 preview_hex="00 00 00 00 00 00 00 00 00 00 ..."
[FILE_WRITE] all_zero=true bytes=16896 device=true handle=4156 offset=134754745344 path="\\\\.\\PhysicalDrive7" physical_drive_index=7 preview_hex="00 00 00 00 00 00 00 00 00 00 ..."
[FILE_OPEN] creation_disposition=3 desired_access=0 device=true handle=4160 path="\\\\.\\PhysicalDrive8" physical_drive_index=8
[FILE_OPEN] creation_disposition=3 desired_access=3221225472 device=true handle=4164 path="\\\\.\\PhysicalDrive8" physical_drive_index=8
[FILE_WRITE] all_zero=true bytes=17408 device=true handle=4164 offset=0 path="\\\\.\\PhysicalDrive8" physical_drive_index=8 preview_hex="00 00 00 00 00 00 00 00 00 00 ..."
[FILE_WRITE] all_zero=true bytes=16896 device=true handle=4164 offset=134754745344 path="\\\\.\\PhysicalDrive8" physical_drive_index=8 preview_hex="00 00 00 00 00 00 00 00 00 00 ..."
[FILE_OPEN] creation_disposition=3 desired_access=0 device=true handle=4168 path="\\\\.\\PhysicalDrive9" physical_drive_index=9
[FILE_OPEN] creation_disposition=3 desired_access=3221225472 device=true handle=4172 path="\\\\.\\PhysicalDrive9" physical_drive_index=9
[FILE_WRITE] all_zero=true bytes=17408 device=true handle=4172 offset=0 path="\\\\.\\PhysicalDrive9" physical_drive_index=9 preview_hex="00 00 00 00 00 00 00 00 00 00 ..."
[FILE_WRITE] all_zero=true bytes=16896 device=true handle=4172 offset=134754745344 path="\\\\.\\PhysicalDrive9" physical_drive_index=9 preview_hex="00 00 00 00 00 00 00 00 00 00 ..."
[THREAD_CREATE] parameter=1378684928 start_address=4203744 state="ready" thread_handle=32772 thread_tid=4098
[FILE_OPEN] creation_disposition=3 desired_access=256 device=true handle=4176 path="\\\\?\\Volume{54a1f3c2-9f4a-48d2-8c71-112233445566}"
[FILE_OPEN] creation_disposition=3 desired_access=256 device=true handle=4180 path="\\\\?\\Volume{54a1f3c2-9f4a-48d2-8c71-112233445566}"
[DLL_NOTIFICATION] base=1790971904 entrypoint=1791004672 entrypoint_module="ntdll.dll" entrypoint_module_base=1790971904 entrypoint_owner="ntdll.dll+0x8000" entrypoint_rva=32768 module="ntdll.dll" phase="thread" reason="thread_detach" routine="DllMain" synthetic=true
[DLL_NOTIFICATION] base=1522823168 entrypoint=1522855936 entrypoint_module="kernel32.dll" entrypoint_module_base=1522823168 entrypoint_owner="kernel32.dll+0x8000" entrypoint_rva=32768 module="kernel32.dll" phase="thread" reason="thread_detach" routine="DllMain" synthetic=true
[DLL_NOTIFICATION] base=1809149952 entrypoint=1809182720 entrypoint_module="lpk.dll" entrypoint_module_base=1809149952 entrypoint_owner="lpk.dll+0x8000" entrypoint_rva=32768 module="lpk.dll" phase="thread" reason="thread_detach" routine="DllMain" synthetic=true
[DLL_NOTIFICATION] base=1613459456 entrypoint=1613492224 entrypoint_module="usp10.dll" entrypoint_module_base=1613459456 entrypoint_owner="usp10.dll+0x8000" entrypoint_rva=32768 module="usp10.dll" phase="thread" reason="thread_detach" routine="DllMain" synthetic=true
[DLL_NOTIFICATION] base=1415749632 entrypoint=1415782400 entrypoint_module="kernelbase.dll" entrypoint_module_base=1415749632 entrypoint_owner="kernelbase.dll+0x8000" entrypoint_rva=32768 module="kernelbase.dll" phase="thread" reason="thread_detach" routine="DllMain" synthetic=true
[DLL_NOTIFICATION] base=1638821888 entrypoint=1638854656 entrypoint_module="shlwapi.dll" entrypoint_module_base=1638821888 entrypoint_owner="shlwapi.dll+0x8000" entrypoint_rva=32768 module="shlwapi.dll" phase="thread" reason="thread_detach" routine="DllMain" synthetic=true
[DLL_NOTIFICATION] base=1753681920 entrypoint=1753714688 entrypoint_module="shell32.dll" entrypoint_module_base=1753681920 entrypoint_owner="shell32.dll+0x8000" entrypoint_rva=32768 module="shell32.dll" phase="thread" reason="thread_detach" routine="DllMain" synthetic=true
[DLL_NOTIFICATION] base=1391165440 entrypoint=1391198208 entrypoint_module="user32.dll" entrypoint_module_base=1391165440 entrypoint_owner="user32.dll+0x8000" entrypoint_rva=32768 module="user32.dll" phase="thread" reason="thread_detach" routine="DllMain" synthetic=true
[DLL_NOTIFICATION] base=1586450432 entrypoint=1586483200 entrypoint_module="gdi32.dll" entrypoint_module_base=1586450432 entrypoint_owner="gdi32.dll+0x8000" entrypoint_rva=32768 module="gdi32.dll" phase="thread" reason="thread_detach" routine="DllMain" synthetic=true
[DLL_NOTIFICATION] base=1742868480 entrypoint=1742901248 entrypoint_module="advapi32.dll" entrypoint_module_base=1742868480 entrypoint_owner="advapi32.dll+0x8000" entrypoint_rva=32768 module="advapi32.dll" phase="thread" reason="thread_detach" routine="DllMain" synthetic=true
[DLL_NOTIFICATION] base=1838178304 entrypoint=1838211072 entrypoint_module="msvcrt.dll" entrypoint_module_base=1838178304 entrypoint_owner="msvcrt.dll+0x8000" entrypoint_rva=32768 module="msvcrt.dll" phase="thread" reason="thread_detach" routine="DllMain" synthetic=true
[DLL_NOTIFICATION] base=1633120256 entrypoint=1633153024 entrypoint_module="ws2_32.dll" entrypoint_module_base=1633120256 entrypoint_owner="ws2_32.dll+0x8000" entrypoint_rva=32768 module="ws2_32.dll" phase="thread" reason="thread_detach" routine="DllMain" synthetic=true
[DLL_NOTIFICATION] base=1362255872 entrypoint=1362288640 entrypoint_module="psapi.dll" entrypoint_module_base=1362255872 entrypoint_owner="psapi.dll+0x8000" entrypoint_rva=32768 module="psapi.dll" phase="thread" reason="thread_detach" routine="DllMain" synthetic=true
[FILE_OPEN] creation_disposition=3 desired_access=0 device=true handle=4184 path="\\\\.\\PhysicalDrive0" physical_drive_index=0
[FILE_OPEN] creation_disposition=3 desired_access=3221225472 device=true handle=4188 path="\\\\.\\PhysicalDrive0" physical_drive_index=0
[FILE_WRITE] all_zero=true bytes=17408 device=true handle=4188 offset=0 path="\\\\.\\PhysicalDrive0" physical_drive_index=0 preview_hex="00 00 00 00 00 00 00 00 00 00 ..."
[FILE_WRITE] all_zero=true bytes=16896 device=true handle=4188 offset=134754745344 path="\\\\.\\PhysicalDrive0" physical_drive_index=0 preview_hex="00 00 00 00 00 00 00 00 00 00 ..."
[FILE_OPEN] creation_disposition=3 desired_access=0 device=true handle=4192 path="\\\\.\\PhysicalDrive1" physical_drive_index=1
[FILE_OPEN] creation_disposition=3 desired_access=3221225472 device=true handle=4196 path="\\\\.\\PhysicalDrive1" physical_drive_index=1
[FILE_WRITE] all_zero=true bytes=17408 device=true handle=4196 offset=0 path="\\\\.\\PhysicalDrive1" physical_drive_index=1 preview_hex="00 00 00 00 00 00 00 00 00 00 ..."
[FILE_WRITE] all_zero=true bytes=16896 device=true handle=4196 offset=134754745344 path="\\\\.\\PhysicalDrive1" physical_drive_index=1 preview_hex="00 00 00 00 00 00 00 00 00 00 ..."
[FILE_OPEN] creation_disposition=3 desired_access=0 device=true handle=4200 path="\\\\.\\PhysicalDrive2" physical_drive_index=2
[FILE_OPEN] creation_disposition=3 desired_access=3221225472 device=true handle=4204 path="\\\\.\\PhysicalDrive2" physical_drive_index=2
[FILE_WRITE] all_zero=true bytes=17408 device=true handle=4204 offset=0 path="\\\\.\\PhysicalDrive2" physical_drive_index=2 preview_hex="00 00 00 00 00 00 00 00 00 00 ..."
[FILE_WRITE] all_zero=true bytes=16896 device=true handle=4204 offset=134754745344 path="\\\\.\\PhysicalDrive2" physical_drive_index=2 preview_hex="00 00 00 00 00 00 00 00 00 00 ..."
[FILE_OPEN] creation_disposition=3 desired_access=0 device=true handle=4208 path="\\\\.\\PhysicalDrive3" physical_drive_index=3
[FILE_OPEN] creation_disposition=3 desired_access=3221225472 device=true handle=4212 path="\\\\.\\PhysicalDrive3" physical_drive_index=3
[FILE_WRITE] all_zero=true bytes=17408 device=true handle=4212 offset=0 path="\\\\.\\PhysicalDrive3" physical_drive_index=3 preview_hex="00 00 00 00 00 00 00 00 00 00 ..."
[FILE_WRITE] all_zero=true bytes=16896 device=true handle=4212 offset=134754745344 path="\\\\.\\PhysicalDrive3" physical_drive_index=3 preview_hex="00 00 00 00 00 00 00 00 00 00 ..."
[FILE_OPEN] creation_disposition=3 desired_access=0 device=true handle=4216 path="\\\\.\\PhysicalDrive4" physical_drive_index=4
[FILE_OPEN] creation_disposition=3 desired_access=3221225472 device=true handle=4220 path="\\\\.\\PhysicalDrive4" physical_drive_index=4
[FILE_WRITE] all_zero=true bytes=17408 device=true handle=4220 offset=0 path="\\\\.\\PhysicalDrive4" physical_drive_index=4 preview_hex="00 00 00 00 00 00 00 00 00 00 ..."
[FILE_WRITE] all_zero=true bytes=16896 device=true handle=4220 offset=134754745344 path="\\\\.\\PhysicalDrive4" physical_drive_index=4 preview_hex="00 00 00 00 00 00 00 00 00 00 ..."
[FILE_OPEN] creation_disposition=3 desired_access=0 device=true handle=4224 path="\\\\.\\PhysicalDrive5" physical_drive_index=5
[FILE_OPEN] creation_disposition=3 desired_access=3221225472 device=true handle=4228 path="\\\\.\\PhysicalDrive5" physical_drive_index=5
[FILE_WRITE] all_zero=true bytes=17408 device=true handle=4228 offset=0 path="\\\\.\\PhysicalDrive5" physical_drive_index=5 preview_hex="00 00 00 00 00 00 00 00 00 00 ..."
[FILE_WRITE] all_zero=true bytes=16896 device=true handle=4228 offset=134754745344 path="\\\\.\\PhysicalDrive5" physical_drive_index=5 preview_hex="00 00 00 00 00 00 00 00 00 00 ..."
[FILE_OPEN] creation_disposition=3 desired_access=0 device=true handle=4232 path="\\\\.\\PhysicalDrive6" physical_drive_index=6
[FILE_OPEN] creation_disposition=3 desired_access=3221225472 device=true handle=4236 path="\\\\.\\PhysicalDrive6" physical_drive_index=6
[FILE_WRITE] all_zero=true bytes=17408 device=true handle=4236 offset=0 path="\\\\.\\PhysicalDrive6" physical_drive_index=6 preview_hex="00 00 00 00 00 00 00 00 00 00 ..."
[FILE_WRITE] all_zero=true bytes=16896 device=true handle=4236 offset=134754745344 path="\\\\.\\PhysicalDrive6" physical_drive_index=6 preview_hex="00 00 00 00 00 00 00 00 00 00 ..."
[FILE_OPEN] creation_disposition=3 desired_access=0 device=true handle=4240 path="\\\\.\\PhysicalDrive7" physical_drive_index=7
[FILE_OPEN] creation_disposition=3 desired_access=3221225472 device=true handle=4244 path="\\\\.\\PhysicalDrive7" physical_drive_index=7
[FILE_WRITE] all_zero=true bytes=17408 device=true handle=4244 offset=0 path="\\\\.\\PhysicalDrive7" physical_drive_index=7 preview_hex="00 00 00 00 00 00 00 00 00 00 ..."
[FILE_WRITE] all_zero=true bytes=16896 device=true handle=4244 offset=134754745344 path="\\\\.\\PhysicalDrive7" physical_drive_index=7 preview_hex="00 00 00 00 00 00 00 00 00 00 ..."
[FILE_OPEN] creation_disposition=3 desired_access=0 device=true handle=4248 path="\\\\.\\PhysicalDrive8" physical_drive_index=8
[FILE_OPEN] creation_disposition=3 desired_access=3221225472 device=true handle=4252 path="\\\\.\\PhysicalDrive8" physical_drive_index=8
[FILE_WRITE] all_zero=true bytes=17408 device=true handle=4252 offset=0 path="\\\\.\\PhysicalDrive8" physical_drive_index=8 preview_hex="00 00 00 00 00 00 00 00 00 00 ..."
[FILE_WRITE] all_zero=true bytes=16896 device=true handle=4252 offset=134754745344 path="\\\\.\\PhysicalDrive8" physical_drive_index=8 preview_hex="00 00 00 00 00 00 00 00 00 00 ..."
[FILE_OPEN] creation_disposition=3 desired_access=0 device=true handle=4256 path="\\\\.\\PhysicalDrive9" physical_drive_index=9
[FILE_OPEN] creation_disposition=3 desired_access=3221225472 device=true handle=4260 path="\\\\.\\PhysicalDrive9" physical_drive_index=9
[FILE_WRITE] all_zero=true bytes=17408 device=true handle=4260 offset=0 path="\\\\.\\PhysicalDrive9" physical_drive_index=9 preview_hex="00 00 00 00 00 00 00 00 00 00 ..."
[FILE_WRITE] all_zero=true bytes=16896 device=true handle=4260 offset=134754745344 path="\\\\.\\PhysicalDrive9" physical_drive_index=9 preview_hex="00 00 00 00 00 00 00 00 00 00 ..."
[THREAD_CREATE] parameter=1672155136 start_address=4203744 state="ready" thread_handle=32776 thread_tid=4099
[THREAD_CREATE] parameter=1718804480 start_address=4203744 state="ready" thread_handle=32780 thread_tid=4100
[FILE_OPEN] creation_disposition=3 desired_access=256 device=true handle=4264 path="\\\\?\\Volume{54a1f3c2-9f4a-48d2-8c71-112233445566}"
[FILE_OPEN] creation_disposition=3 desired_access=256 device=true handle=4268 path="\\\\?\\Volume{54a1f3c2-9f4a-48d2-8c71-112233445566}"
[DLL_NOTIFICATION] base=1790971904 entrypoint=1791004672 entrypoint_module="ntdll.dll" entrypoint_module_base=1790971904 entrypoint_owner="ntdll.dll+0x8000" entrypoint_rva=32768 module="ntdll.dll" phase="thread" reason="thread_detach" routine="DllMain" synthetic=true
[DLL_NOTIFICATION] base=1522823168 entrypoint=1522855936 entrypoint_module="kernel32.dll" entrypoint_module_base=1522823168 entrypoint_owner="kernel32.dll+0x8000" entrypoint_rva=32768 module="kernel32.dll" phase="thread" reason="thread_detach" routine="DllMain" synthetic=true
[DLL_NOTIFICATION] base=1809149952 entrypoint=1809182720 entrypoint_module="lpk.dll" entrypoint_module_base=1809149952 entrypoint_owner="lpk.dll+0x8000" entrypoint_rva=32768 module="lpk.dll" phase="thread" reason="thread_detach" routine="DllMain" synthetic=true
[DLL_NOTIFICATION] base=1613459456 entrypoint=1613492224 entrypoint_module="usp10.dll" entrypoint_module_base=1613459456 entrypoint_owner="usp10.dll+0x8000" entrypoint_rva=32768 module="usp10.dll" phase="thread" reason="thread_detach" routine="DllMain" synthetic=true
[DLL_NOTIFICATION] base=1415749632 entrypoint=1415782400 entrypoint_module="kernelbase.dll" entrypoint_module_base=1415749632 entrypoint_owner="kernelbase.dll+0x8000" entrypoint_rva=32768 module="kernelbase.dll" phase="thread" reason="thread_detach" routine="DllMain" synthetic=true
[DLL_NOTIFICATION] base=1638821888 entrypoint=1638854656 entrypoint_module="shlwapi.dll" entrypoint_module_base=1638821888 entrypoint_owner="shlwapi.dll+0x8000" entrypoint_rva=32768 module="shlwapi.dll" phase="thread" reason="thread_detach" routine="DllMain" synthetic=true
[DLL_NOTIFICATION] base=1753681920 entrypoint=1753714688 entrypoint_module="shell32.dll" entrypoint_module_base=1753681920 entrypoint_owner="shell32.dll+0x8000" entrypoint_rva=32768 module="shell32.dll" phase="thread" reason="thread_detach" routine="DllMain" synthetic=true
[DLL_NOTIFICATION] base=1391165440 entrypoint=1391198208 entrypoint_module="user32.dll" entrypoint_module_base=1391165440 entrypoint_owner="user32.dll+0x8000" entrypoint_rva=32768 module="user32.dll" phase="thread" reason="thread_detach" routine="DllMain" synthetic=true
[DLL_NOTIFICATION] base=1586450432 entrypoint=1586483200 entrypoint_module="gdi32.dll" entrypoint_module_base=1586450432 entrypoint_owner="gdi32.dll+0x8000" entrypoint_rva=32768 module="gdi32.dll" phase="thread" reason="thread_detach" routine="DllMain" synthetic=true
[DLL_NOTIFICATION] base=1742868480 entrypoint=1742901248 entrypoint_module="advapi32.dll" entrypoint_module_base=1742868480 entrypoint_owner="advapi32.dll+0x8000" entrypoint_rva=32768 module="advapi32.dll" phase="thread" reason="thread_detach" routine="DllMain" synthetic=true
[DLL_NOTIFICATION] base=1838178304 entrypoint=1838211072 entrypoint_module="msvcrt.dll" entrypoint_module_base=1838178304 entrypoint_owner="msvcrt.dll+0x8000" entrypoint_rva=32768 module="msvcrt.dll" phase="thread" reason="thread_detach" routine="DllMain" synthetic=true
[DLL_NOTIFICATION] base=1633120256 entrypoint=1633153024 entrypoint_module="ws2_32.dll" entrypoint_module_base=1633120256 entrypoint_owner="ws2_32.dll+0x8000" entrypoint_rva=32768 module="ws2_32.dll" phase="thread" reason="thread_detach" routine="DllMain" synthetic=true
[DLL_NOTIFICATION] base=1362255872 entrypoint=1362288640 entrypoint_module="psapi.dll" entrypoint_module_base=1362255872 entrypoint_owner="psapi.dll+0x8000" entrypoint_rva=32768 module="psapi.dll" phase="thread" reason="thread_detach" routine="DllMain" synthetic=true
[FILE_OPEN] creation_disposition=3 desired_access=256 device=true handle=4272 path="\\\\?\\Volume{564f0044-1144-2244-3344-440000000044}"
[FILE_OPEN] creation_disposition=3 desired_access=256 device=true handle=4276 path="\\\\?\\Volume{564f0044-1144-2244-3344-440000000044}"
[DLL_NOTIFICATION] base=1790971904 entrypoint=1791004672 entrypoint_module="ntdll.dll" entrypoint_module_base=1790971904 entrypoint_owner="ntdll.dll+0x8000" entrypoint_rva=32768 module="ntdll.dll" phase="thread" reason="thread_detach" routine="DllMain" synthetic=true
[DLL_NOTIFICATION] base=1522823168 entrypoint=1522855936 entrypoint_module="kernel32.dll" entrypoint_module_base=1522823168 entrypoint_owner="kernel32.dll+0x8000" entrypoint_rva=32768 module="kernel32.dll" phase="thread" reason="thread_detach" routine="DllMain" synthetic=true
[DLL_NOTIFICATION] base=1809149952 entrypoint=1809182720 entrypoint_module="lpk.dll" entrypoint_module_base=1809149952 entrypoint_owner="lpk.dll+0x8000" entrypoint_rva=32768 module="lpk.dll" phase="thread" reason="thread_detach" routine="DllMain" synthetic=true
[DLL_NOTIFICATION] base=1613459456 entrypoint=1613492224 entrypoint_module="usp10.dll" entrypoint_module_base=1613459456 entrypoint_owner="usp10.dll+0x8000" entrypoint_rva=32768 module="usp10.dll" phase="thread" reason="thread_detach" routine="DllMain" synthetic=true
[DLL_NOTIFICATION] base=1415749632 entrypoint=1415782400 entrypoint_module="kernelbase.dll" entrypoint_module_base=1415749632 entrypoint_owner="kernelbase.dll+0x8000" entrypoint_rva=32768 module="kernelbase.dll" phase="thread" reason="thread_detach" routine="DllMain" synthetic=true
[DLL_NOTIFICATION] base=1638821888 entrypoint=1638854656 entrypoint_module="shlwapi.dll" entrypoint_module_base=1638821888 entrypoint_owner="shlwapi.dll+0x8000" entrypoint_rva=32768 module="shlwapi.dll" phase="thread" reason="thread_detach" routine="DllMain" synthetic=true
[DLL_NOTIFICATION] base=1753681920 entrypoint=1753714688 entrypoint_module="shell32.dll" entrypoint_module_base=1753681920 entrypoint_owner="shell32.dll+0x8000" entrypoint_rva=32768 module="shell32.dll" phase="thread" reason="thread_detach" routine="DllMain" synthetic=true
[DLL_NOTIFICATION] base=1391165440 entrypoint=1391198208 entrypoint_module="user32.dll" entrypoint_module_base=1391165440 entrypoint_owner="user32.dll+0x8000" entrypoint_rva=32768 module="user32.dll" phase="thread" reason="thread_detach" routine="DllMain" synthetic=true
[DLL_NOTIFICATION] base=1586450432 entrypoint=1586483200 entrypoint_module="gdi32.dll" entrypoint_module_base=1586450432 entrypoint_owner="gdi32.dll+0x8000" entrypoint_rva=32768 module="gdi32.dll" phase="thread" reason="thread_detach" routine="DllMain" synthetic=true
[DLL_NOTIFICATION] base=1742868480 entrypoint=1742901248 entrypoint_module="advapi32.dll" entrypoint_module_base=1742868480 entrypoint_owner="advapi32.dll+0x8000" entrypoint_rva=32768 module="advapi32.dll" phase="thread" reason="thread_detach" routine="DllMain" synthetic=true
[DLL_NOTIFICATION] base=1838178304 entrypoint=1838211072 entrypoint_module="msvcrt.dll" entrypoint_module_base=1838178304 entrypoint_owner="msvcrt.dll+0x8000" entrypoint_rva=32768 module="msvcrt.dll" phase="thread" reason="thread_detach" routine="DllMain" synthetic=true
[DLL_NOTIFICATION] base=1633120256 entrypoint=1633153024 entrypoint_module="ws2_32.dll" entrypoint_module_base=1633120256 entrypoint_owner="ws2_32.dll+0x8000" entrypoint_rva=32768 module="ws2_32.dll" phase="thread" reason="thread_detach" routine="DllMain" synthetic=true
[DLL_NOTIFICATION] base=1362255872 entrypoint=1362288640 entrypoint_module="psapi.dll" entrypoint_module_base=1362255872 entrypoint_owner="psapi.dll+0x8000" entrypoint_rva=32768 module="psapi.dll" phase="thread" reason="thread_detach" routine="DllMain" synthetic=true
[THREAD_CREATE] parameter=1401901056 start_address=4203744 state="ready" thread_handle=32784 thread_tid=4101
[FILE_OPEN] creation_disposition=3 desired_access=256 device=true handle=4280 path="\\\\?\\Volume{564f0045-1145-2245-3345-440000000045}"
[FILE_OPEN] creation_disposition=3 desired_access=256 device=true handle=4284 path="\\\\?\\Volume{564f0045-1145-2245-3345-440000000045}"
[DLL_NOTIFICATION] base=1790971904 entrypoint=1791004672 entrypoint_module="ntdll.dll" entrypoint_module_base=1790971904 entrypoint_owner="ntdll.dll+0x8000" entrypoint_rva=32768 module="ntdll.dll" phase="thread" reason="thread_detach" routine="DllMain" synthetic=true
[DLL_NOTIFICATION] base=1522823168 entrypoint=1522855936 entrypoint_module="kernel32.dll" entrypoint_module_base=1522823168 entrypoint_owner="kernel32.dll+0x8000" entrypoint_rva=32768 module="kernel32.dll" phase="thread" reason="thread_detach" routine="DllMain" synthetic=true
[DLL_NOTIFICATION] base=1809149952 entrypoint=1809182720 entrypoint_module="lpk.dll" entrypoint_module_base=1809149952 entrypoint_owner="lpk.dll+0x8000" entrypoint_rva=32768 module="lpk.dll" phase="thread" reason="thread_detach" routine="DllMain" synthetic=true
[DLL_NOTIFICATION] base=1613459456 entrypoint=1613492224 entrypoint_module="usp10.dll" entrypoint_module_base=1613459456 entrypoint_owner="usp10.dll+0x8000" entrypoint_rva=32768 module="usp10.dll" phase="thread" reason="thread_detach" routine="DllMain" synthetic=true
[DLL_NOTIFICATION] base=1415749632 entrypoint=1415782400 entrypoint_module="kernelbase.dll" entrypoint_module_base=1415749632 entrypoint_owner="kernelbase.dll+0x8000" entrypoint_rva=32768 module="kernelbase.dll" phase="thread" reason="thread_detach" routine="DllMain" synthetic=true
[DLL_NOTIFICATION] base=1638821888 entrypoint=1638854656 entrypoint_module="shlwapi.dll" entrypoint_module_base=1638821888 entrypoint_owner="shlwapi.dll+0x8000" entrypoint_rva=32768 module="shlwapi.dll" phase="thread" reason="thread_detach" routine="DllMain" synthetic=true
[DLL_NOTIFICATION] base=1753681920 entrypoint=1753714688 entrypoint_module="shell32.dll" entrypoint_module_base=1753681920 entrypoint_owner="shell32.dll+0x8000" entrypoint_rva=32768 module="shell32.dll" phase="thread" reason="thread_detach" routine="DllMain" synthetic=true
[DLL_NOTIFICATION] base=1391165440 entrypoint=1391198208 entrypoint_module="user32.dll" entrypoint_module_base=1391165440 entrypoint_owner="user32.dll+0x8000" entrypoint_rva=32768 module="user32.dll" phase="thread" reason="thread_detach" routine="DllMain" synthetic=true
[DLL_NOTIFICATION] base=1586450432 entrypoint=1586483200 entrypoint_module="gdi32.dll" entrypoint_module_base=1586450432 entrypoint_owner="gdi32.dll+0x8000" entrypoint_rva=32768 module="gdi32.dll" phase="thread" reason="thread_detach" routine="DllMain" synthetic=true
[DLL_NOTIFICATION] base=1742868480 entrypoint=1742901248 entrypoint_module="advapi32.dll" entrypoint_module_base=1742868480 entrypoint_owner="advapi32.dll+0x8000" entrypoint_rva=32768 module="advapi32.dll" phase="thread" reason="thread_detach" routine="DllMain" synthetic=true
[DLL_NOTIFICATION] base=1838178304 entrypoint=1838211072 entrypoint_module="msvcrt.dll" entrypoint_module_base=1838178304 entrypoint_owner="msvcrt.dll+0x8000" entrypoint_rva=32768 module="msvcrt.dll" phase="thread" reason="thread_detach" routine="DllMain" synthetic=true
[DLL_NOTIFICATION] base=1633120256 entrypoint=1633153024 entrypoint_module="ws2_32.dll" entrypoint_module_base=1633120256 entrypoint_owner="ws2_32.dll+0x8000" entrypoint_rva=32768 module="ws2_32.dll" phase="thread" reason="thread_detach" routine="DllMain" synthetic=true
[DLL_NOTIFICATION] base=1362255872 entrypoint=1362288640 entrypoint_module="psapi.dll" entrypoint_module_base=1362255872 entrypoint_owner="psapi.dll+0x8000" entrypoint_rva=32768 module="psapi.dll" phase="thread" reason="thread_detach" routine="DllMain" synthetic=true
[THREAD_CREATE] parameter=1401901056 start_address=4203744 state="ready" thread_handle=32788 thread_tid=4102
[FILE_OPEN] creation_disposition=3 desired_access=256 device=true handle=4288 path="\\\\?\\Volume{564f0046-1146-2246-3346-440000000046}"
[FILE_OPEN] creation_disposition=3 desired_access=256 device=true handle=4292 path="\\\\?\\Volume{564f0046-1146-2246-3346-440000000046}"
[DLL_NOTIFICATION] base=1790971904 entrypoint=1791004672 entrypoint_module="ntdll.dll" entrypoint_module_base=1790971904 entrypoint_owner="ntdll.dll+0x8000" entrypoint_rva=32768 module="ntdll.dll" phase="thread" reason="thread_detach" routine="DllMain" synthetic=true
[DLL_NOTIFICATION] base=1522823168 entrypoint=1522855936 entrypoint_module="kernel32.dll" entrypoint_module_base=1522823168 entrypoint_owner="kernel32.dll+0x8000" entrypoint_rva=32768 module="kernel32.dll" phase="thread" reason="thread_detach" routine="DllMain" synthetic=true
[DLL_NOTIFICATION] base=1809149952 entrypoint=1809182720 entrypoint_module="lpk.dll" entrypoint_module_base=1809149952 entrypoint_owner="lpk.dll+0x8000" entrypoint_rva=32768 module="lpk.dll" phase="thread" reason="thread_detach" routine="DllMain" synthetic=true
[DLL_NOTIFICATION] base=1613459456 entrypoint=1613492224 entrypoint_module="usp10.dll" entrypoint_module_base=1613459456 entrypoint_owner="usp10.dll+0x8000" entrypoint_rva=32768 module="usp10.dll" phase="thread" reason="thread_detach" routine="DllMain" synthetic=true
[DLL_NOTIFICATION] base=1415749632 entrypoint=1415782400 entrypoint_module="kernelbase.dll" entrypoint_module_base=1415749632 entrypoint_owner="kernelbase.dll+0x8000" entrypoint_rva=32768 module="kernelbase.dll" phase="thread" reason="thread_detach" routine="DllMain" synthetic=true
[DLL_NOTIFICATION] base=1638821888 entrypoint=1638854656 entrypoint_module="shlwapi.dll" entrypoint_module_base=1638821888 entrypoint_owner="shlwapi.dll+0x8000" entrypoint_rva=32768 module="shlwapi.dll" phase="thread" reason="thread_detach" routine="DllMain" synthetic=true
[DLL_NOTIFICATION] base=1753681920 entrypoint=1753714688 entrypoint_module="shell32.dll" entrypoint_module_base=1753681920 entrypoint_owner="shell32.dll+0x8000" entrypoint_rva=32768 module="shell32.dll" phase="thread" reason="thread_detach" routine="DllMain" synthetic=true
[DLL_NOTIFICATION] base=1391165440 entrypoint=1391198208 entrypoint_module="user32.dll" entrypoint_module_base=1391165440 entrypoint_owner="user32.dll+0x8000" entrypoint_rva=32768 module="user32.dll" phase="thread" reason="thread_detach" routine="DllMain" synthetic=true
[DLL_NOTIFICATION] base=1586450432 entrypoint=1586483200 entrypoint_module="gdi32.dll" entrypoint_module_base=1586450432 entrypoint_owner="gdi32.dll+0x8000" entrypoint_rva=32768 module="gdi32.dll" phase="thread" reason="thread_detach" routine="DllMain" synthetic=true
[DLL_NOTIFICATION] base=1742868480 entrypoint=1742901248 entrypoint_module="advapi32.dll" entrypoint_module_base=1742868480 entrypoint_owner="advapi32.dll+0x8000" entrypoint_rva=32768 module="advapi32.dll" phase="thread" reason="thread_detach" routine="DllMain" synthetic=true
[DLL_NOTIFICATION] base=1838178304 entrypoint=1838211072 entrypoint_module="msvcrt.dll" entrypoint_module_base=1838178304 entrypoint_owner="msvcrt.dll+0x8000" entrypoint_rva=32768 module="msvcrt.dll" phase="thread" reason="thread_detach" routine="DllMain" synthetic=true
[DLL_NOTIFICATION] base=1633120256 entrypoint=1633153024 entrypoint_module="ws2_32.dll" entrypoint_module_base=1633120256 entrypoint_owner="ws2_32.dll+0x8000" entrypoint_rva=32768 module="ws2_32.dll" phase="thread" reason="thread_detach" routine="DllMain" synthetic=true
[DLL_NOTIFICATION] base=1362255872 entrypoint=1362288640 entrypoint_module="psapi.dll" entrypoint_module_base=1362255872 entrypoint_owner="psapi.dll+0x8000" entrypoint_rva=32768 module="psapi.dll" phase="thread" reason="thread_detach" routine="DllMain" synthetic=true
[THREAD_CREATE] parameter=1401901056 start_address=4203744 state="ready" thread_handle=32792 thread_tid=4103
[FILE_OPEN] creation_disposition=3 desired_access=256 device=true handle=4296 path="\\\\?\\Volume{564f0047-1147-2247-3347-440000000047}"
[FILE_OPEN] creation_disposition=3 desired_access=256 device=true handle=4300 path="\\\\?\\Volume{564f0047-1147-2247-3347-440000000047}"
[DLL_NOTIFICATION] base=1790971904 entrypoint=1791004672 entrypoint_module="ntdll.dll" entrypoint_module_base=1790971904 entrypoint_owner="ntdll.dll+0x8000" entrypoint_rva=32768 module="ntdll.dll" phase="thread" reason="thread_detach" routine="DllMain" synthetic=true
[DLL_NOTIFICATION] base=1522823168 entrypoint=1522855936 entrypoint_module="kernel32.dll" entrypoint_module_base=1522823168 entrypoint_owner="kernel32.dll+0x8000" entrypoint_rva=32768 module="kernel32.dll" phase="thread" reason="thread_detach" routine="DllMain" synthetic=true
[DLL_NOTIFICATION] base=1809149952 entrypoint=1809182720 entrypoint_module="lpk.dll" entrypoint_module_base=1809149952 entrypoint_owner="lpk.dll+0x8000" entrypoint_rva=32768 module="lpk.dll" phase="thread" reason="thread_detach" routine="DllMain" synthetic=true
[DLL_NOTIFICATION] base=1613459456 entrypoint=1613492224 entrypoint_module="usp10.dll" entrypoint_module_base=1613459456 entrypoint_owner="usp10.dll+0x8000" entrypoint_rva=32768 module="usp10.dll" phase="thread" reason="thread_detach" routine="DllMain" synthetic=true
[DLL_NOTIFICATION] base=1415749632 entrypoint=1415782400 entrypoint_module="kernelbase.dll" entrypoint_module_base=1415749632 entrypoint_owner="kernelbase.dll+0x8000" entrypoint_rva=32768 module="kernelbase.dll" phase="thread" reason="thread_detach" routine="DllMain" synthetic=true
[DLL_NOTIFICATION] base=1638821888 entrypoint=1638854656 entrypoint_module="shlwapi.dll" entrypoint_module_base=1638821888 entrypoint_owner="shlwapi.dll+0x8000" entrypoint_rva=32768 module="shlwapi.dll" phase="thread" reason="thread_detach" routine="DllMain" synthetic=true
[DLL_NOTIFICATION] base=1753681920 entrypoint=1753714688 entrypoint_module="shell32.dll" entrypoint_module_base=1753681920 entrypoint_owner="shell32.dll+0x8000" entrypoint_rva=32768 module="shell32.dll" phase="thread" reason="thread_detach" routine="DllMain" synthetic=true
[DLL_NOTIFICATION] base=1391165440 entrypoint=1391198208 entrypoint_module="user32.dll" entrypoint_module_base=1391165440 entrypoint_owner="user32.dll+0x8000" entrypoint_rva=32768 module="user32.dll" phase="thread" reason="thread_detach" routine="DllMain" synthetic=true
[DLL_NOTIFICATION] base=1586450432 entrypoint=1586483200 entrypoint_module="gdi32.dll" entrypoint_module_base=1586450432 entrypoint_owner="gdi32.dll+0x8000" entrypoint_rva=32768 module="gdi32.dll" phase="thread" reason="thread_detach" routine="DllMain" synthetic=true
[DLL_NOTIFICATION] base=1742868480 entrypoint=1742901248 entrypoint_module="advapi32.dll" entrypoint_module_base=1742868480 entrypoint_owner="advapi32.dll+0x8000" entrypoint_rva=32768 module="advapi32.dll" phase="thread" reason="thread_detach" routine="DllMain" synthetic=true
[DLL_NOTIFICATION] base=1838178304 entrypoint=1838211072 entrypoint_module="msvcrt.dll" entrypoint_module_base=1838178304 entrypoint_owner="msvcrt.dll+0x8000" entrypoint_rva=32768 module="msvcrt.dll" phase="thread" reason="thread_detach" routine="DllMain" synthetic=true
[DLL_NOTIFICATION] base=1633120256 entrypoint=1633153024 entrypoint_module="ws2_32.dll" entrypoint_module_base=1633120256 entrypoint_owner="ws2_32.dll+0x8000" entrypoint_rva=32768 module="ws2_32.dll" phase="thread" reason="thread_detach" routine="DllMain" synthetic=true
[DLL_NOTIFICATION] base=1362255872 entrypoint=1362288640 entrypoint_module="psapi.dll" entrypoint_module_base=1362255872 entrypoint_owner="psapi.dll+0x8000" entrypoint_rva=32768 module="psapi.dll" phase="thread" reason="thread_detach" routine="DllMain" synthetic=true
[FILE_OPEN] creation_disposition=3 desired_access=3221225472 device=true handle=4304 path="\\\\.\\PhysicalDrive0" physical_drive_index=0
[FILE_WRITE] all_zero=true bytes=17408 device=true handle=4304 offset=0 path="\\\\.\\PhysicalDrive0" physical_drive_index=0 preview_hex="00 00 00 00 00 00 00 00 00 00 ..."
[FILE_WRITE] all_zero=true bytes=16896 device=true handle=4304 offset=134754745344 path="\\\\.\\PhysicalDrive0" physical_drive_index=0 preview_hex="00 00 00 00 00 00 00 00 00 00 ..."
[FILE_OPEN] creation_disposition=3 desired_access=3221225472 device=true handle=4308 path="\\\\.\\PhysicalDrive1" physical_drive_index=1
[FILE_WRITE] all_zero=true bytes=17408 device=true handle=4308 offset=0 path="\\\\.\\PhysicalDrive1" physical_drive_index=1 preview_hex="00 00 00 00 00 00 00 00 00 00 ..."
[FILE_WRITE] all_zero=true bytes=16896 device=true handle=4308 offset=134754745344 path="\\\\.\\PhysicalDrive1" physical_drive_index=1 preview_hex="00 00 00 00 00 00 00 00 00 00 ..."
[FILE_OPEN] creation_disposition=3 desired_access=3221225472 device=true handle=4312 path="\\\\.\\PhysicalDrive2" physical_drive_index=2
[FILE_WRITE] all_zero=true bytes=17408 device=true handle=4312 offset=0 path="\\\\.\\PhysicalDrive2" physical_drive_index=2 preview_hex="00 00 00 00 00 00 00 00 00 00 ..."
[FILE_WRITE] all_zero=true bytes=16896 device=true handle=4312 offset=134754745344 path="\\\\.\\PhysicalDrive2" physical_drive_index=2 preview_hex="00 00 00 00 00 00 00 00 00 00 ..."
[FILE_OPEN] creation_disposition=3 desired_access=3221225472 device=true handle=4316 path="\\\\.\\PhysicalDrive3" physical_drive_index=3
[FILE_WRITE] all_zero=true bytes=17408 device=true handle=4316 offset=0 path="\\\\.\\PhysicalDrive3" physical_drive_index=3 preview_hex="00 00 00 00 00 00 00 00 00 00 ..."
[FILE_WRITE] all_zero=true bytes=16896 device=true handle=4316 offset=134754745344 path="\\\\.\\PhysicalDrive3" physical_drive_index=3 preview_hex="00 00 00 00 00 00 00 00 00 00 ..."
[FILE_OPEN] creation_disposition=3 desired_access=3221225472 device=true handle=4320 path="\\\\.\\PhysicalDrive4" physical_drive_index=4
[FILE_WRITE] all_zero=true bytes=17408 device=true handle=4320 offset=0 path="\\\\.\\PhysicalDrive4" physical_drive_index=4 preview_hex="00 00 00 00 00 00 00 00 00 00 ..."
[FILE_WRITE] all_zero=true bytes=16896 device=true handle=4320 offset=134754745344 path="\\\\.\\PhysicalDrive4" physical_drive_index=4 preview_hex="00 00 00 00 00 00 00 00 00 00 ..."
[FILE_OPEN] creation_disposition=3 desired_access=3221225472 device=true handle=4324 path="\\\\.\\PhysicalDrive5" physical_drive_index=5
[FILE_WRITE] all_zero=true bytes=17408 device=true handle=4324 offset=0 path="\\\\.\\PhysicalDrive5" physical_drive_index=5 preview_hex="00 00 00 00 00 00 00 00 00 00 ..."
[FILE_WRITE] all_zero=true bytes=16896 device=true handle=4324 offset=134754745344 path="\\\\.\\PhysicalDrive5" physical_drive_index=5 preview_hex="00 00 00 00 00 00 00 00 00 00 ..."
[FILE_OPEN] creation_disposition=3 desired_access=3221225472 device=true handle=4328 path="\\\\.\\PhysicalDrive6" physical_drive_index=6
[FILE_WRITE] all_zero=true bytes=17408 device=true handle=4328 offset=0 path="\\\\.\\PhysicalDrive6" physical_drive_index=6 preview_hex="00 00 00 00 00 00 00 00 00 00 ..."
[FILE_WRITE] all_zero=true bytes=16896 device=true handle=4328 offset=134754745344 path="\\\\.\\PhysicalDrive6" physical_drive_index=6 preview_hex="00 00 00 00 00 00 00 00 00 00 ..."
[FILE_OPEN] creation_disposition=3 desired_access=3221225472 device=true handle=4332 path="\\\\.\\PhysicalDrive7" physical_drive_index=7
[FILE_WRITE] all_zero=true bytes=17408 device=true handle=4332 offset=0 path="\\\\.\\PhysicalDrive7" physical_drive_index=7 preview_hex="00 00 00 00 00 00 00 00 00 00 ..."
[FILE_WRITE] all_zero=true bytes=16896 device=true handle=4332 offset=134754745344 path="\\\\.\\PhysicalDrive7" physical_drive_index=7 preview_hex="00 00 00 00 00 00 00 00 00 00 ..."
[FILE_OPEN] creation_disposition=3 desired_access=3221225472 device=true handle=4336 path="\\\\.\\PhysicalDrive8" physical_drive_index=8
[FILE_WRITE] all_zero=true bytes=17408 device=true handle=4336 offset=0 path="\\\\.\\PhysicalDrive8" physical_drive_index=8 preview_hex="00 00 00 00 00 00 00 00 00 00 ..."
[FILE_WRITE] all_zero=true bytes=16896 device=true handle=4336 offset=134754745344 path="\\\\.\\PhysicalDrive8" physical_drive_index=8 preview_hex="00 00 00 00 00 00 00 00 00 00 ..."
[FILE_OPEN] creation_disposition=3 desired_access=3221225472 device=true handle=4340 path="\\\\.\\PhysicalDrive9" physical_drive_index=9
[FILE_WRITE] all_zero=true bytes=17408 device=true handle=4340 offset=0 path="\\\\.\\PhysicalDrive9" physical_drive_index=9 preview_hex="00 00 00 00 00 00 00 00 00 00 ..."
[FILE_WRITE] all_zero=true bytes=16896 device=true handle=4340 offset=134754745344 path="\\\\.\\PhysicalDrive9" physical_drive_index=9 preview_hex="00 00 00 00 00 00 00 00 00 00 ..."
[USER32_HOTSPOT] active_hooks=0 active_timers=0 dispatch_message_calls=0 get_message_calls=0 hook_callback_dispatches=0 kill_timer_calls=0 peek_message_calls=0 set_timer_calls=0 synthetic_idle_messages=0 synthetic_timer_messages=0 translate_message_calls=0
[RUN_STOP] exit_code=0 instruction_budget=50000000 live_threads=0 main_thread_state="terminated" main_tid=4097 reason="all_threads_terminated" thread_states={"terminated":7}
[PROCESS_EXIT] exit_code=0 handle=0 live_threads=0 main_thread_state="terminated" main_tid=4097 reason="all_threads_terminated" source="main" thread_states={"terminated":7}
